\BOOKMARK [0][-]{chapter.1}{Introduction}{}% 1
\BOOKMARK [1][-]{section.1.1}{Purpose}{chapter.1}% 2
\BOOKMARK [1][-]{section.1.2}{Scope}{chapter.1}% 3
\BOOKMARK [2][-]{subsection.1.2.1}{Users and interfaces of the application}{section.1.2}% 4
\BOOKMARK [2][-]{subsection.1.2.2}{High level behavior}{section.1.2}% 5
\BOOKMARK [1][-]{section.1.3}{Definitions}{chapter.1}% 6
\BOOKMARK [1][-]{section.1.4}{References}{chapter.1}% 7
\BOOKMARK [1][-]{section.1.5}{Overview}{chapter.1}% 8
\BOOKMARK [0][-]{chapter.2}{Overall Description}{}% 9
\BOOKMARK [1][-]{section.2.1}{Product perspective}{chapter.2}% 10
\BOOKMARK [1][-]{section.2.2}{Product functions}{chapter.2}% 11
\BOOKMARK [2][-]{subsection.2.2.1}{Functions for Passengers}{section.2.2}% 12
\BOOKMARK [2][-]{subsection.2.2.2}{Functions for Taxi Drivers}{section.2.2}% 13
\BOOKMARK [1][-]{section.2.3}{User characteristics}{chapter.2}% 14
\BOOKMARK [2][-]{subsection.2.3.1}{User class 1: Passengers}{section.2.3}% 15
\BOOKMARK [2][-]{subsection.2.3.2}{User class 2: Taxi drivers}{section.2.3}% 16
\BOOKMARK [1][-]{section.2.4}{Constraints}{chapter.2}% 17
\BOOKMARK [2][-]{subsection.2.4.1}{Regulatory Polices}{section.2.4}% 18
\BOOKMARK [2][-]{subsection.2.4.2}{Hardware limitations}{section.2.4}% 19
\BOOKMARK [2][-]{subsection.2.4.3}{Parallel Operation}{section.2.4}% 20
\BOOKMARK [2][-]{subsection.2.4.4}{Criticality}{section.2.4}% 21
\BOOKMARK [1][-]{section.2.5}{Assumptions and dependencies}{chapter.2}% 22
\BOOKMARK [1][-]{section.2.6}{Future Possible Implementations}{chapter.2}% 23
\BOOKMARK [0][-]{chapter.3}{Specific Requirements}{}% 24
\BOOKMARK [1][-]{section.3.1}{Scenarios}{chapter.3}% 25
\BOOKMARK [2][-]{subsection.3.1.1}{Registration to the service}{section.3.1}% 26
\BOOKMARK [2][-]{subsection.3.1.2}{Passenger immediate request}{section.3.1}% 27
\BOOKMARK [2][-]{subsection.3.1.3}{Passenger Reservation}{section.3.1}% 28
\BOOKMARK [2][-]{subsection.3.1.4}{Taxi driver: start of the working day}{section.3.1}% 29
\BOOKMARK [2][-]{subsection.3.1.5}{Taxi driver: acceptance of a request}{section.3.1}% 30
\BOOKMARK [2][-]{subsection.3.1.6}{Taxi driver: refusing a request}{section.3.1}% 31
\BOOKMARK [2][-]{subsection.3.1.7}{Taxi driver: end of working day}{section.3.1}% 32
\BOOKMARK [1][-]{section.3.2}{Derived behavior of the actors}{chapter.3}% 33
\BOOKMARK [2][-]{subsection.3.2.1}{Passenger behavior}{section.3.2}% 34
\BOOKMARK [2][-]{subsection.3.2.2}{Taxi Driver behavior}{section.3.2}% 35
\BOOKMARK [1][-]{section.3.3}{External interface requirements}{chapter.3}% 36
\BOOKMARK [2][-]{subsection.3.3.1}{User interfaces}{section.3.3}% 37
\BOOKMARK [2][-]{subsection.3.3.2}{GUI state chart}{section.3.3}% 38
\BOOKMARK [2][-]{subsection.3.3.3}{Software interfaces}{section.3.3}% 39
\BOOKMARK [2][-]{subsection.3.3.4}{Communication interfaces}{section.3.3}% 40
\BOOKMARK [1][-]{section.3.4}{Functional requirements}{chapter.3}% 41
\BOOKMARK [2][-]{subsection.3.4.1}{User class 1}{section.3.4}% 42
\BOOKMARK [2][-]{subsection.3.4.2}{User class 2}{section.3.4}% 43
\BOOKMARK [1][-]{section.3.5}{Performance requirements}{chapter.3}% 44
\BOOKMARK [1][-]{section.3.6}{Design constraints}{chapter.3}% 45
\BOOKMARK [1][-]{section.3.7}{Software system attributes}{chapter.3}% 46
\BOOKMARK [1][-]{section.3.8}{Other requirements}{chapter.3}% 47
